Arguments: 
  C:\Program Files\nodejs\node.exe C:\Users\marti\AppData\Roaming\npm\node_modules\yarn\bin\yarn.js add @shopify/flashlist

PATH: 
  C:\Python311\Scripts\;C:\Python311\;C:\WINDOWS\system32;C:\WINDOWS;C:\WINDOWS\System32\Wbem;C:\WINDOWS\System32\WindowsPowerShell\v1.0\;C:\WINDOWS\System32\OpenSSH\;C:\Program Files\Git\cmd;C:\ProgramData\chocolatey\bin;C:\Program Files\Bandizip\;C:\Program Files\nodejs\;C:\Users\marti\AppData\Local\Microsoft\WindowsApps;C:\Users\marti\AppData\Local\Programs\Microsoft VS Code\bin;C:\Users\marti\AppData\Roaming\npm

Yarn version: 
  1.22.19

Node version: 
  18.14.2

Platform: 
  win32 x64

Trace: 
  Error: https://registry.yarnpkg.com/@shopify%2fflashlist: Not found
      at params.callback [as _callback] (C:\Users\marti\AppData\Roaming\npm\node_modules\yarn\lib\cli.js:66145:18)
      at self.callback (C:\Users\marti\AppData\Roaming\npm\node_modules\yarn\lib\cli.js:140890:22)
      at Request.emit (node:events:513:28)
      at Request.<anonymous> (C:\Users\marti\AppData\Roaming\npm\node_modules\yarn\lib\cli.js:141862:10)
      at Request.emit (node:events:513:28)
      at IncomingMessage.<anonymous> (C:\Users\marti\AppData\Roaming\npm\node_modules\yarn\lib\cli.js:141784:12)
      at Object.onceWrapper (node:events:627:28)
      at IncomingMessage.emit (node:events:525:35)
      at endReadableNT (node:internal/streams/readable:1359:12)
      at process.processTicksAndRejections (node:internal/process/task_queues:82:21)

npm manifest: 
  {
    "name": "settleme",
    "version": "1.0.0",
    "main": "node_modules/expo/AppEntry.js",
    "scripts": {
      "start": "expo start",
      "android": "expo start --android",
      "ios": "expo start --ios",
      "web": "expo start --web",
      "lint": "eslint . --ext .js"
    },
    "dependencies": {
      "@expo-google-fonts/lato": "^0.2.2",
      "@expo-google-fonts/oswald": "^0.2.2",
      "@expo/cli": "^0.6.2",
      "@expo/config-plugins": "~6.0.0",
      "@expo/prebuild-config": "~6.0.0",
      "@react-native-async-storage/async-storage": "1.17.11",
      "@react-native-firebase/app": "17.3.1",
      "@react-native-firebase/firestore": "17.3.1",
      "@react-native-masked-view/masked-view": "0.2.8",
      "@react-navigation/bottom-tabs": "^6.4.3",
      "@react-navigation/native": "^6.0.16",
      "@react-navigation/stack": "^6.3.7",
      "camelize": "^1.0.0",
      "deprecated-react-native-prop-types": "4.0.0",
      "expo": "^48.0.5",
      "expo-camera": "^13.2.1",
      "expo-cli": "^6.3.2",
      "expo-font": "^11.1.1",
      "expo-location": "^15.1.1",
      "expo-modules-autolinking": "^1.1.2",
      "expo-status-bar": "^1.4.4",
      "expo-updates": "^0.16.3",
      "firebase": "9.17.2",
      "lint": "^0.8.19",
      "lottie-react-native": "5.1.4",
      "react": "18.2.0",
      "react-dom": "18.2.0",
      "react-native": "0.71.3",
      "react-native-gesture-handler": "~2.9.0",
      "react-native-maps": "1.3.2",
      "react-native-paper": "^5.1.3",
      "react-native-reanimated": "~2.14.4",
      "react-native-safe-area-context": "4.5.0",
      "react-native-screens": "~3.20.0",
      "react-native-svg": "13.4.0",
      "react-native-web": "~0.18.11",
      "react-native-webview": "11.26.0",
      "styled-components": "^5.2.1",
      "@shopify/flash-list": "1.4.0"
    },
    "devDependencies": {
      "@babel/core": "^7.20.0",
      "@babel/plugin-proposal-unicode-property-regex": "^7.18.6",
      "@react-native-community/eslint-config": "3.2.0",
      "eslint": "8.35.0",
      "prettier": "^2.2.1"
    },
    "private": true
  }

yarn manifest: 
  No manifest

Lockfile: 
  No lockfile
